<?xml version="1.0" encoding="UTF-8"?>
<!-- Generated by org.testng.reporters.JUnitReportReporter -->
<testsuite hostname="LAPTOP-N3N33JA0" failures="0" tests="2" name="californiaUS.TestRunneerrDK.CaliforniaTestRunneerrDK" time="56.505" errors="0" timestamp="2021-09-09T18:00:11 PDT" skipped="0">
  <testcase classname="californiaUS.TestRunneerrDK.CaliforniaTestRunneerrDK" name="feature" time="13.739"/>
  <system-out/>
  <testcase classname="californiaUS.TestRunneerrDK.CaliforniaTestRunneerrDK" name="feature" time="42.766"/>
  <system-out/>
</testsuite> <!-- californiaUS.TestRunneerrDK.CaliforniaTestRunneerrDK -->
